2010.01.20 09:04 B C:\Documents and Settings\Administrator\My Documents\Kati\Eunice\pelda\Plan\files\bamboo_50green.jpg --> mindfulmomentsinsc.com /mindfulm/Web/files bamboo_50green.jpg
2010.01.20 09:04 B C:\Documents and Settings\Administrator\My Documents\Kati\Eunice\pelda\Plan\files\bamboo_50smallgreen.jpg --> mindfulmomentsinsc.com /mindfulm/Web/files bamboo_50smallgreen.jpg
2010.01.20 09:04 B C:\Documents and Settings\Administrator\My Documents\Kati\Eunice\pelda\Plan\files\Cheryl.htm --> mindfulmomentsinsc.com /mindfulm/Web/files Cheryl.htm
2010.01.20 09:04 B C:\Documents and Settings\Administrator\My Documents\Kati\Eunice\pelda\Plan\files\ContactUs.htm --> mindfulmomentsinsc.com /mindfulm/Web/files ContactUs.htm
2010.01.20 09:04 B C:\Documents and Settings\Administrator\My Documents\Kati\Eunice\pelda\Plan\files\CouplesFamiliesTherapy.htm --> mindfulmomentsinsc.com /mindfulm/Web/files CouplesFamiliesTherapy.htm
2010.01.20 09:04 B C:\Documents and Settings\Administrator\My Documents\Kati\Eunice\pelda\Plan\files\Directions.htm --> mindfulmomentsinsc.com /mindfulm/Web/files Directions.htm
2010.01.20 09:04 B C:\Documents and Settings\Administrator\My Documents\Kati\Eunice\pelda\Plan\files\Eunice.htm --> mindfulmomentsinsc.com /mindfulm/Web/files Eunice.htm
2010.01.20 09:04 B C:\Documents and Settings\Administrator\My Documents\Kati\Eunice\pelda\Plan\files\FAQ.htm --> mindfulmomentsinsc.com /mindfulm/Web/files FAQ.htm
2010.01.20 09:04 B C:\Documents and Settings\Administrator\My Documents\Kati\Eunice\pelda\Plan\files\Forms.htm --> mindfulmomentsinsc.com /mindfulm/Web/files Forms.htm
2010.01.20 09:04 B C:\Documents and Settings\Administrator\My Documents\Kati\Eunice\pelda\Plan\files\gray_left.htm --> mindfulmomentsinsc.com /mindfulm/Web/files gray_left.htm
2010.01.20 09:04 B C:\Documents and Settings\Administrator\My Documents\Kati\Eunice\pelda\Plan\files\gray_right.htm --> mindfulmomentsinsc.com /mindfulm/Web/files gray_right.htm
2010.01.20 09:04 B C:\Documents and Settings\Administrator\My Documents\Kati\Eunice\pelda\Plan\files\greenpix.gif --> mindfulmomentsinsc.com /mindfulm/Web/files greenpix.gif
2010.01.20 09:04 B C:\Documents and Settings\Administrator\My Documents\Kati\Eunice\pelda\Plan\files\greenpix.jpg --> mindfulmomentsinsc.com /mindfulm/Web/files greenpix.jpg
2010.01.20 09:04 B C:\Documents and Settings\Administrator\My Documents\Kati\Eunice\pelda\Plan\files\GroupTherapy.htm --> mindfulmomentsinsc.com /mindfulm/Web/files GroupTherapy.htm
2010.01.20 09:04 B C:\Documents and Settings\Administrator\My Documents\Kati\Eunice\pelda\Plan\files\home.htm --> mindfulmomentsinsc.com /mindfulm/Web/files home.htm
2010.01.20 09:04 B C:\Documents and Settings\Administrator\My Documents\Kati\Eunice\pelda\Plan\files\IndividualTherapy.htm --> mindfulmomentsinsc.com /mindfulm/Web/files IndividualTherapy.htm
2010.01.20 09:04 B C:\Documents and Settings\Administrator\My Documents\Kati\Eunice\pelda\Plan\files\left.htm --> mindfulmomentsinsc.com /mindfulm/Web/files left.htm
2010.01.20 09:04 B C:\Documents and Settings\Administrator\My Documents\Kati\Eunice\pelda\Plan\files\Mindfulness.htm --> mindfulmomentsinsc.com /mindfulm/Web/files Mindfulness.htm
2010.01.20 09:04 B C:\Documents and Settings\Administrator\My Documents\Kati\Eunice\pelda\Plan\files\Portait2.jpg --> mindfulmomentsinsc.com /mindfulm/Web/files Portait2.jpg
2010.01.20 09:04 B C:\Documents and Settings\Administrator\My Documents\Kati\Eunice\pelda\Plan\files\ResourcesLinks.htm --> mindfulmomentsinsc.com /mindfulm/Web/files ResourcesLinks.htm
2010.01.20 09:04 B C:\Documents and Settings\Administrator\My Documents\Kati\Eunice\pelda\Plan\files\right.htm --> mindfulmomentsinsc.com /mindfulm/Web/files right.htm
2010.01.20 09:04 B C:\Documents and Settings\Administrator\My Documents\Kati\Eunice\pelda\Plan\files\spacer.gif --> mindfulmomentsinsc.com /mindfulm/Web/files spacer.gif
2010.01.20 09:04 B C:\Documents and Settings\Administrator\My Documents\Kati\Eunice\pelda\Plan\files\spacer1.gif --> mindfulmomentsinsc.com /mindfulm/Web/files spacer1.gif
