2010.01.08 11:47 B C:\Documents and Settings\Administrator\My Documents\Kati\Eunice\Exercises\BecomeYourBreath.mp3 <-- ftp.netware.clemson.edu /EH03/users/elehmac/public.www/Exercises BecomeYourBreath.mp3
2010.01.08 11:48 B C:\Documents and Settings\Administrator\My Documents\Kati\Eunice\Exercises\BodyScan.mp3 <-- ftp.netware.clemson.edu /EH03/users/elehmac/public.www/Exercises BodyScan.mp3
2010.01.08 11:48 B C:\Documents and Settings\Administrator\My Documents\Kati\Eunice\Exercises\BreathInThirds.mp3 <-- ftp.netware.clemson.edu /EH03/users/elehmac/public.www/Exercises BreathInThirds.mp3
2010.01.08 11:49 B C:\Documents and Settings\Administrator\My Documents\Kati\Eunice\Exercises\ConnectionToTheGround.mp3 <-- ftp.netware.clemson.edu /EH03/users/elehmac/public.www/Exercises ConnectionToTheGround.mp3
2010.01.08 11:49 B C:\Documents and Settings\Administrator\My Documents\Kati\Eunice\Exercises\ConveyorBelt.aup <-- ftp.netware.clemson.edu /EH03/users/elehmac/public.www/Exercises ConveyorBelt.aup
2010.01.08 11:49 B C:\Documents and Settings\Administrator\My Documents\Kati\Eunice\Exercises\ConveyorBelt.mp3 <-- ftp.netware.clemson.edu /EH03/users/elehmac/public.www/Exercises ConveyorBelt.mp3
2010.01.08 11:49 B C:\Documents and Settings\Administrator\My Documents\Kati\Eunice\Exercises\DropIntoYourBreath.mp3 <-- ftp.netware.clemson.edu /EH03/users/elehmac/public.www/Exercises DropIntoYourBreath.mp3
2010.01.08 11:49 B C:\Documents and Settings\Administrator\My Documents\Kati\Eunice\Exercises\Gum Ball Machine.aup <-- ftp.netware.clemson.edu /EH03/users/elehmac/public.www/Exercises Gum Ball Machine.aup
2010.01.08 11:49 B C:\Documents and Settings\Administrator\My Documents\Kati\Eunice\Exercises\Gum Ball Machine.mp3 <-- ftp.netware.clemson.edu /EH03/users/elehmac/public.www/Exercises Gum Ball Machine.mp3
2010.01.08 11:50 B C:\Documents and Settings\Administrator\My Documents\Kati\Eunice\Exercises\HalfSmile.mp3 <-- ftp.netware.clemson.edu /EH03/users/elehmac/public.www/Exercises HalfSmile.mp3
2010.01.08 11:50 B C:\Documents and Settings\Administrator\My Documents\Kati\Eunice\Exercises\LeafInStream.mp3 <-- ftp.netware.clemson.edu /EH03/users/elehmac/public.www/Exercises LeafInStream.mp3
2010.01.08 11:50 B C:\Documents and Settings\Administrator\My Documents\Kati\Eunice\Exercises\Mindful Walking.aup <-- ftp.netware.clemson.edu /EH03/users/elehmac/public.www/Exercises Mindful Walking.aup
2010.01.08 11:50 B C:\Documents and Settings\Administrator\My Documents\Kati\Eunice\Exercises\MindfulEating.mp3 <-- ftp.netware.clemson.edu /EH03/users/elehmac/public.www/Exercises MindfulEating.mp3
2010.01.08 11:50 B C:\Documents and Settings\Administrator\My Documents\Kati\Eunice\Exercises\MindfulnessInThrees.mp3 <-- ftp.netware.clemson.edu /EH03/users/elehmac/public.www/Exercises MindfulnessInThrees.mp3
2010.01.08 11:51 B C:\Documents and Settings\Administrator\My Documents\Kati\Eunice\Exercises\MindfulStanding.mp3 <-- ftp.netware.clemson.edu /EH03/users/elehmac/public.www/Exercises MindfulStanding.mp3
2010.01.08 11:51 B C:\Documents and Settings\Administrator\My Documents\Kati\Eunice\Exercises\MindfulWalking.mp3 <-- ftp.netware.clemson.edu /EH03/users/elehmac/public.www/Exercises MindfulWalking.mp3
2010.01.08 11:51 B C:\Documents and Settings\Administrator\My Documents\Kati\Eunice\Exercises\ObservingCurrentEmotion.mp3 <-- ftp.netware.clemson.edu /EH03/users/elehmac/public.www/Exercises ObservingCurrentEmotion.mp3
2010.01.08 11:51 B C:\Documents and Settings\Administrator\My Documents\Kati\Eunice\Exercises\ObservingFeelings.mp3 <-- ftp.netware.clemson.edu /EH03/users/elehmac/public.www/Exercises ObservingFeelings.mp3
2010.01.08 11:52 B C:\Documents and Settings\Administrator\My Documents\Kati\Eunice\Exercises\ObservingPain.mp3 <-- ftp.netware.clemson.edu /EH03/users/elehmac/public.www/Exercises ObservingPain.mp3
2010.01.08 11:52 B C:\Documents and Settings\Administrator\My Documents\Kati\Eunice\Exercises\ObservingYourBreath.mp3 <-- ftp.netware.clemson.edu /EH03/users/elehmac/public.www/Exercises ObservingYourBreath.mp3
2010.01.08 11:52 B C:\Documents and Settings\Administrator\My Documents\Kati\Eunice\Exercises\ObservingYourFace.mp3 <-- ftp.netware.clemson.edu /EH03/users/elehmac/public.www/Exercises ObservingYourFace.mp3
2010.01.08 11:53 B C:\Documents and Settings\Administrator\My Documents\Kati\Eunice\Exercises\OceanWaves.mp3 <-- ftp.netware.clemson.edu /EH03/users/elehmac/public.www/Exercises OceanWaves.mp3
2010.01.08 11:53 B C:\Documents and Settings\Administrator\My Documents\Kati\Eunice\Exercises\RepeatingFocusWords.mp3 <-- ftp.netware.clemson.edu /EH03/users/elehmac/public.www/Exercises RepeatingFocusWords.mp3
2010.01.08 11:53 B C:\Documents and Settings\Administrator\My Documents\Kati\Eunice\Exercises\UrgeSurfing.mp3 <-- ftp.netware.clemson.edu /EH03/users/elehmac/public.www/Exercises UrgeSurfing.mp3
2010.01.08 11:53 B C:\Documents and Settings\Administrator\My Documents\Kati\Eunice\Exercises\Well.mp3 <-- ftp.netware.clemson.edu /EH03/users/elehmac/public.www/Exercises Well.mp3
2010.01.08 12:09 B C:\Documents and Settings\Administrator\My Documents\Kati\Eunice\Exercises\BecomeYourBreath.mp3 --> mindfulmomentsinsc.com /mindfulm/Web/Exercises BecomeYourBreath.mp3
2010.01.08 12:10 B C:\Documents and Settings\Administrator\My Documents\Kati\Eunice\Exercises\BodyScan.mp3 --> mindfulmomentsinsc.com /mindfulm/Web/Exercises BodyScan.mp3
2010.01.08 12:11 B C:\Documents and Settings\Administrator\My Documents\Kati\Eunice\Exercises\BreathInThirds.mp3 --> mindfulmomentsinsc.com /mindfulm/Web/Exercises BreathInThirds.mp3
2010.01.08 12:12 B C:\Documents and Settings\Administrator\My Documents\Kati\Eunice\Exercises\ConnectionToTheGround.mp3 --> mindfulmomentsinsc.com /mindfulm/Web/Exercises ConnectionToTheGround.mp3
2010.01.08 12:12 B C:\Documents and Settings\Administrator\My Documents\Kati\Eunice\Exercises\ConveyorBelt.aup --> mindfulmomentsinsc.com /mindfulm/Web/Exercises ConveyorBelt.aup
2010.01.08 12:13 B C:\Documents and Settings\Administrator\My Documents\Kati\Eunice\Exercises\ConveyorBelt.mp3 --> mindfulmomentsinsc.com /mindfulm/Web/Exercises ConveyorBelt.mp3
2010.01.08 12:13 B C:\Documents and Settings\Administrator\My Documents\Kati\Eunice\Exercises\DropIntoYourBreath.mp3 --> mindfulmomentsinsc.com /mindfulm/Web/Exercises DropIntoYourBreath.mp3
2010.01.08 12:13 B C:\Documents and Settings\Administrator\My Documents\Kati\Eunice\Exercises\Gum Ball Machine.aup --> mindfulmomentsinsc.com /mindfulm/Web/Exercises Gum Ball Machine.aup
2010.01.08 12:14 B C:\Documents and Settings\Administrator\My Documents\Kati\Eunice\Exercises\Gum Ball Machine.mp3 --> mindfulmomentsinsc.com /mindfulm/Web/Exercises Gum Ball Machine.mp3
2010.01.08 12:15 B C:\Documents and Settings\Administrator\My Documents\Kati\Eunice\Exercises\HalfSmile.mp3 --> mindfulmomentsinsc.com /mindfulm/Web/Exercises HalfSmile.mp3
2010.01.08 12:15 B C:\Documents and Settings\Administrator\My Documents\Kati\Eunice\Exercises\LeafInStream.mp3 --> mindfulmomentsinsc.com /mindfulm/Web/Exercises LeafInStream.mp3
2010.01.08 12:15 B C:\Documents and Settings\Administrator\My Documents\Kati\Eunice\Exercises\Mindful Walking.aup --> mindfulmomentsinsc.com /mindfulm/Web/Exercises Mindful Walking.aup
2010.01.08 12:16 B C:\Documents and Settings\Administrator\My Documents\Kati\Eunice\Exercises\MindfulEating.mp3 --> mindfulmomentsinsc.com /mindfulm/Web/Exercises MindfulEating.mp3
2010.01.08 12:16 B C:\Documents and Settings\Administrator\My Documents\Kati\Eunice\Exercises\MindfulnessInThrees.mp3 --> mindfulmomentsinsc.com /mindfulm/Web/Exercises MindfulnessInThrees.mp3
2010.01.08 12:17 B C:\Documents and Settings\Administrator\My Documents\Kati\Eunice\Exercises\MindfulStanding.mp3 --> mindfulmomentsinsc.com /mindfulm/Web/Exercises MindfulStanding.mp3
2010.01.08 12:17 B C:\Documents and Settings\Administrator\My Documents\Kati\Eunice\Exercises\MindfulWalking.mp3 --> mindfulmomentsinsc.com /mindfulm/Web/Exercises MindfulWalking.mp3
2010.01.08 12:18 B C:\Documents and Settings\Administrator\My Documents\Kati\Eunice\Exercises\ObservingCurrentEmotion.mp3 --> mindfulmomentsinsc.com /mindfulm/Web/Exercises ObservingCurrentEmotion.mp3
2010.01.08 12:19 B C:\Documents and Settings\Administrator\My Documents\Kati\Eunice\Exercises\ObservingFeelings.mp3 --> mindfulmomentsinsc.com /mindfulm/Web/Exercises ObservingFeelings.mp3
2010.01.08 12:20 B C:\Documents and Settings\Administrator\My Documents\Kati\Eunice\Exercises\ObservingPain.mp3 --> mindfulmomentsinsc.com /mindfulm/Web/Exercises ObservingPain.mp3
2010.01.08 12:21 B C:\Documents and Settings\Administrator\My Documents\Kati\Eunice\Exercises\ObservingYourBreath.mp3 --> mindfulmomentsinsc.com /mindfulm/Web/Exercises ObservingYourBreath.mp3
2010.01.08 12:21 B C:\Documents and Settings\Administrator\My Documents\Kati\Eunice\Exercises\ObservingYourFace.mp3 --> mindfulmomentsinsc.com /mindfulm/Web/Exercises ObservingYourFace.mp3
2010.01.08 12:22 B C:\Documents and Settings\Administrator\My Documents\Kati\Eunice\Exercises\OceanWaves.mp3 --> mindfulmomentsinsc.com /mindfulm/Web/Exercises OceanWaves.mp3
2010.01.08 12:23 B C:\Documents and Settings\Administrator\My Documents\Kati\Eunice\Exercises\RepeatingFocusWords.mp3 --> mindfulmomentsinsc.com /mindfulm/Web/Exercises RepeatingFocusWords.mp3
2010.01.08 12:24 B C:\Documents and Settings\Administrator\My Documents\Kati\Eunice\Exercises\UrgeSurfing.mp3 --> mindfulmomentsinsc.com /mindfulm/Web/Exercises UrgeSurfing.mp3
2010.01.08 12:24 B C:\Documents and Settings\Administrator\My Documents\Kati\Eunice\Exercises\Well.mp3 --> mindfulmomentsinsc.com /mindfulm/Web/Exercises Well.mp3
2010.01.08 12:24 B C:\Documents and Settings\Administrator\My Documents\Kati\Eunice\Exercises\WS_FTP.LOG --> mindfulmomentsinsc.com /mindfulm/Web/Exercises WS_FTP.LOG
2010.01.25 10:49 B C:\Documents and Settings\Administrator\My Documents\Kati\Eunice\pelda\Plan\files\Exercises\BecomeYourBreath.mp3 --> mindfulmomentsinsc.com /mindfulm/Web/files/Exercises BecomeYourBreath.mp3
2010.01.25 10:51 B C:\Documents and Settings\Administrator\My Documents\Kati\Eunice\pelda\Plan\files\Exercises\BodyScan.mp3 --> mindfulmomentsinsc.com /mindfulm/Web/files/Exercises BodyScan.mp3
2010.01.25 10:52 B C:\Documents and Settings\Administrator\My Documents\Kati\Eunice\pelda\Plan\files\Exercises\BreathInThirds.mp3 --> mindfulmomentsinsc.com /mindfulm/Web/files/Exercises BreathInThirds.mp3
2010.01.25 10:52 B C:\Documents and Settings\Administrator\My Documents\Kati\Eunice\pelda\Plan\files\Exercises\ConnectionToTheGround.mp3 --> mindfulmomentsinsc.com /mindfulm/Web/files/Exercises ConnectionToTheGround.mp3
2010.01.25 10:52 B C:\Documents and Settings\Administrator\My Documents\Kati\Eunice\pelda\Plan\files\Exercises\ConveyorBelt.aup --> mindfulmomentsinsc.com /mindfulm/Web/files/Exercises ConveyorBelt.aup
2010.01.25 10:53 B C:\Documents and Settings\Administrator\My Documents\Kati\Eunice\pelda\Plan\files\Exercises\ConveyorBelt.mp3 --> mindfulmomentsinsc.com /mindfulm/Web/files/Exercises ConveyorBelt.mp3
2010.01.25 10:54 B C:\Documents and Settings\Administrator\My Documents\Kati\Eunice\pelda\Plan\files\Exercises\DropIntoYourBreath.mp3 --> mindfulmomentsinsc.com /mindfulm/Web/files/Exercises DropIntoYourBreath.mp3
2010.01.25 10:54 B C:\Documents and Settings\Administrator\My Documents\Kati\Eunice\pelda\Plan\files\Exercises\Gum Ball Machine.aup --> mindfulmomentsinsc.com /mindfulm/Web/files/Exercises Gum Ball Machine.aup
2010.01.25 10:54 B C:\Documents and Settings\Administrator\My Documents\Kati\Eunice\pelda\Plan\files\Exercises\Gum Ball Machine.mp3 --> mindfulmomentsinsc.com /mindfulm/Web/files/Exercises Gum Ball Machine.mp3
2010.01.25 10:55 B C:\Documents and Settings\Administrator\My Documents\Kati\Eunice\pelda\Plan\files\Exercises\HalfSmile.mp3 --> mindfulmomentsinsc.com /mindfulm/Web/files/Exercises HalfSmile.mp3
2010.01.25 10:56 B C:\Documents and Settings\Administrator\My Documents\Kati\Eunice\pelda\Plan\files\Exercises\LeafInStream.mp3 --> mindfulmomentsinsc.com /mindfulm/Web/files/Exercises LeafInStream.mp3
2010.01.25 10:56 B C:\Documents and Settings\Administrator\My Documents\Kati\Eunice\pelda\Plan\files\Exercises\Mindful Walking.aup --> mindfulmomentsinsc.com /mindfulm/Web/files/Exercises Mindful Walking.aup
2010.01.25 10:56 B C:\Documents and Settings\Administrator\My Documents\Kati\Eunice\pelda\Plan\files\Exercises\MindfulEating.mp3 --> mindfulmomentsinsc.com /mindfulm/Web/files/Exercises MindfulEating.mp3
2010.01.25 10:57 B C:\Documents and Settings\Administrator\My Documents\Kati\Eunice\pelda\Plan\files\Exercises\MindfulnessInThrees.mp3 --> mindfulmomentsinsc.com /mindfulm/Web/files/Exercises MindfulnessInThrees.mp3
2010.01.25 10:58 B C:\Documents and Settings\Administrator\My Documents\Kati\Eunice\pelda\Plan\files\Exercises\MindfulStanding.mp3 --> mindfulmomentsinsc.com /mindfulm/Web/files/Exercises MindfulStanding.mp3
2010.01.25 10:58 B C:\Documents and Settings\Administrator\My Documents\Kati\Eunice\pelda\Plan\files\Exercises\MindfulWalking.mp3 --> mindfulmomentsinsc.com /mindfulm/Web/files/Exercises MindfulWalking.mp3
2010.01.25 10:59 B C:\Documents and Settings\Administrator\My Documents\Kati\Eunice\pelda\Plan\files\Exercises\ObservingCurrentEmotion.mp3 --> mindfulmomentsinsc.com /mindfulm/Web/files/Exercises ObservingCurrentEmotion.mp3
2010.01.25 11:00 B C:\Documents and Settings\Administrator\My Documents\Kati\Eunice\pelda\Plan\files\Exercises\ObservingFeelings.mp3 --> mindfulmomentsinsc.com /mindfulm/Web/files/Exercises ObservingFeelings.mp3
2010.01.25 11:01 B C:\Documents and Settings\Administrator\My Documents\Kati\Eunice\pelda\Plan\files\Exercises\ObservingPain.mp3 --> mindfulmomentsinsc.com /mindfulm/Web/files/Exercises ObservingPain.mp3
2010.01.25 11:01 B C:\Documents and Settings\Administrator\My Documents\Kati\Eunice\pelda\Plan\files\Exercises\ObservingYourBreath.mp3 --> mindfulmomentsinsc.com /mindfulm/Web/files/Exercises ObservingYourBreath.mp3
2010.01.25 11:02 B C:\Documents and Settings\Administrator\My Documents\Kati\Eunice\pelda\Plan\files\Exercises\ObservingYourFace.mp3 --> mindfulmomentsinsc.com /mindfulm/Web/files/Exercises ObservingYourFace.mp3
2010.01.25 11:03 B C:\Documents and Settings\Administrator\My Documents\Kati\Eunice\pelda\Plan\files\Exercises\OceanWaves.mp3 --> mindfulmomentsinsc.com /mindfulm/Web/files/Exercises OceanWaves.mp3
2010.01.25 11:04 B C:\Documents and Settings\Administrator\My Documents\Kati\Eunice\pelda\Plan\files\Exercises\RepeatingFocusWords.mp3 --> mindfulmomentsinsc.com /mindfulm/Web/files/Exercises RepeatingFocusWords.mp3
2010.01.25 11:04 B C:\Documents and Settings\Administrator\My Documents\Kati\Eunice\pelda\Plan\files\Exercises\UrgeSurfing.mp3 --> mindfulmomentsinsc.com /mindfulm/Web/files/Exercises UrgeSurfing.mp3
2010.01.25 11:05 B C:\Documents and Settings\Administrator\My Documents\Kati\Eunice\pelda\Plan\files\Exercises\Well.mp3 --> mindfulmomentsinsc.com /mindfulm/Web/files/Exercises Well.mp3
